  GUI.cpp
C:\Users\trand\Documents\GITHUB\Cubemon_SFML\Box2D_SFML1\Box2D_SFML1\ICubemon.h(61,11): warning C4244: '=': conversion from 'int' to 'float', possible loss of data
C:\Users\trand\Documents\GITHUB\Cubemon_SFML\Box2D_SFML1\Box2D_SFML1\GUI.cpp(54,30): warning C4305: 'argument': truncation from 'double' to 'float'
C:\Users\trand\Documents\GITHUB\Cubemon_SFML\Box2D_SFML1\Box2D_SFML1\GUI.cpp(64,32): warning C4305: 'argument': truncation from 'double' to 'float'
C:\Users\trand\Documents\GITHUB\Cubemon_SFML\Box2D_SFML1\Box2D_SFML1\GUI.cpp(68,37): warning C4305: 'argument': truncation from 'double' to 'float'
C:\Users\trand\Documents\GITHUB\Cubemon_SFML\Box2D_SFML1\Box2D_SFML1\GUI.cpp(94,72): warning C4244: 'argument': conversion from 'float' to 'T', possible loss of data
          with
          [
              T=int
          ]
C:\Users\trand\Documents\GITHUB\Cubemon_SFML\Box2D_SFML1\Box2D_SFML1\GUI.cpp(236,187): warning C4244: 'argument': conversion from 'double' to 'T', possible loss of data
          with
          [
              T=float
          ]
C:\Users\trand\Documents\GITHUB\Cubemon_SFML\Box2D_SFML1\Box2D_SFML1\GUI.cpp(241,174): warning C4244: 'argument': conversion from 'double' to 'T', possible loss of data
          with
          [
              T=float
          ]
C:\Users\trand\Documents\GITHUB\Cubemon_SFML\Box2D_SFML1\Box2D_SFML1\GUI.cpp(246,174): warning C4244: 'argument': conversion from 'double' to 'T', possible loss of data
          with
          [
              T=float
          ]
C:\Users\trand\Documents\GITHUB\Cubemon_SFML\Box2D_SFML1\Box2D_SFML1\GUI.cpp(251,174): warning C4244: 'argument': conversion from 'double' to 'T', possible loss of data
          with
          [
              T=float
          ]
C:\Users\trand\Documents\GITHUB\Cubemon_SFML\Box2D_SFML1\Box2D_SFML1\GUI.cpp(294,82): warning C4244: 'argument': conversion from 'double' to 'T', possible loss of data
          with
          [
              T=float
          ]
C:\Users\trand\Documents\GITHUB\Cubemon_SFML\Box2D_SFML1\Box2D_SFML1\GUI.cpp(295,88): warning C4244: 'argument': conversion from 'double' to 'T', possible loss of data
          with
          [
              T=float
          ]
C:\Users\trand\Documents\GITHUB\Cubemon_SFML\Box2D_SFML1\Box2D_SFML1\GUI.cpp(304,164): warning C4244: 'argument': conversion from 'double' to 'float', possible loss of data
C:\Users\trand\Documents\GITHUB\Cubemon_SFML\Box2D_SFML1\Box2D_SFML1\GUI.cpp(304,76): warning C4244: 'argument': conversion from 'double' to 'float', possible loss of data
C:\Users\trand\Documents\GITHUB\Cubemon_SFML\Box2D_SFML1\Box2D_SFML1\GUI.cpp(315,161): warning C4244: 'argument': conversion from 'double' to 'float', possible loss of data
C:\Users\trand\Documents\GITHUB\Cubemon_SFML\Box2D_SFML1\Box2D_SFML1\GUI.cpp(315,73): warning C4244: 'argument': conversion from 'double' to 'float', possible loss of data
C:\Users\trand\Documents\GITHUB\Cubemon_SFML\Box2D_SFML1\Box2D_SFML1\GUI.cpp(681,69): warning C4244: 'argument': conversion from 'float' to 'int', possible loss of data
C:\Users\trand\Documents\GITHUB\Cubemon_SFML\Box2D_SFML1\Box2D_SFML1\GUI.cpp(685,67): warning C4244: 'argument': conversion from 'float' to 'int', possible loss of data
C:\Users\trand\Documents\GITHUB\Cubemon_SFML\Box2D_SFML1\Box2D_SFML1\GUI.cpp(733,192): warning C4244: 'argument': conversion from 'double' to 'T', possible loss of data
          with
          [
              T=float
          ]
C:\Users\trand\Documents\GITHUB\Cubemon_SFML\Box2D_SFML1\Box2D_SFML1\GUI.cpp(738,179): warning C4244: 'argument': conversion from 'double' to 'T', possible loss of data
          with
          [
              T=float
          ]
C:\Users\trand\Documents\GITHUB\Cubemon_SFML\Box2D_SFML1\Box2D_SFML1\GUI.cpp(743,179): warning C4244: 'argument': conversion from 'double' to 'T', possible loss of data
          with
          [
              T=float
          ]
C:\Users\trand\Documents\GITHUB\Cubemon_SFML\Box2D_SFML1\Box2D_SFML1\GUI.cpp(748,179): warning C4244: 'argument': conversion from 'double' to 'T', possible loss of data
          with
          [
              T=float
          ]
C:\Users\trand\Documents\GITHUB\Cubemon_SFML\Box2D_SFML1\Box2D_SFML1\GUI.cpp(778,17): warning C4244: 'initializing': conversion from 'int' to 'float', possible loss of data
C:\Users\trand\Documents\GITHUB\Cubemon_SFML\Box2D_SFML1\Box2D_SFML1\GUI.cpp(779,31): warning C4244: 'argument': conversion from 'float' to 'int', possible loss of data
C:\Users\trand\Documents\GITHUB\Cubemon_SFML\Box2D_SFML1\Box2D_SFML1\GUI.cpp(784,33): warning C4244: 'argument': conversion from 'int' to 'float', possible loss of data
C:\Users\trand\Documents\GITHUB\Cubemon_SFML\Box2D_SFML1\Box2D_SFML1\GUI.cpp(794,17): warning C4244: 'initializing': conversion from 'int' to 'float', possible loss of data
C:\Users\trand\Documents\GITHUB\Cubemon_SFML\Box2D_SFML1\Box2D_SFML1\GUI.cpp(795,31): warning C4244: 'argument': conversion from 'float' to 'int', possible loss of data
C:\Users\trand\Documents\GITHUB\Cubemon_SFML\Box2D_SFML1\Box2D_SFML1\GUI.cpp(800,33): warning C4244: 'argument': conversion from 'int' to 'float', possible loss of data
C:\Users\trand\Documents\GITHUB\Cubemon_SFML\Box2D_SFML1\Box2D_SFML1\GUI.cpp(810,17): warning C4244: 'initializing': conversion from 'int' to 'float', possible loss of data
C:\Users\trand\Documents\GITHUB\Cubemon_SFML\Box2D_SFML1\Box2D_SFML1\GUI.cpp(811,31): warning C4244: 'argument': conversion from 'float' to 'int', possible loss of data
C:\Users\trand\Documents\GITHUB\Cubemon_SFML\Box2D_SFML1\Box2D_SFML1\GUI.cpp(816,33): warning C4244: 'argument': conversion from 'int' to 'float', possible loss of data
C:\Users\trand\Documents\GITHUB\Cubemon_SFML\Box2D_SFML1\Box2D_SFML1\GUI.cpp(848,31): warning C4244: 'argument': conversion from 'float' to 'int', possible loss of data
C:\Users\trand\Documents\GITHUB\Cubemon_SFML\Box2D_SFML1\Box2D_SFML1\GUI.cpp(853,33): warning C4244: 'argument': conversion from 'int' to 'float', possible loss of data
C:\Users\trand\Documents\GITHUB\Cubemon_SFML\Box2D_SFML1\Box2D_SFML1\GUI.cpp(889,17): warning C4244: 'initializing': conversion from 'int' to 'float', possible loss of data
C:\Users\trand\Documents\GITHUB\Cubemon_SFML\Box2D_SFML1\Box2D_SFML1\GUI.cpp(890,31): warning C4244: 'argument': conversion from 'float' to 'int', possible loss of data
C:\Users\trand\Documents\GITHUB\Cubemon_SFML\Box2D_SFML1\Box2D_SFML1\GUI.cpp(895,33): warning C4244: 'argument': conversion from 'int' to 'float', possible loss of data
C:\Users\trand\Documents\GITHUB\Cubemon_SFML\Box2D_SFML1\Box2D_SFML1\GUI.cpp(906,17): warning C4244: 'initializing': conversion from 'int' to 'float', possible loss of data
C:\Users\trand\Documents\GITHUB\Cubemon_SFML\Box2D_SFML1\Box2D_SFML1\GUI.cpp(907,31): warning C4244: 'argument': conversion from 'float' to 'int', possible loss of data
C:\Users\trand\Documents\GITHUB\Cubemon_SFML\Box2D_SFML1\Box2D_SFML1\GUI.cpp(912,33): warning C4244: 'argument': conversion from 'int' to 'float', possible loss of data
C:\Users\trand\Documents\GITHUB\Cubemon_SFML\Box2D_SFML1\Box2D_SFML1\GUI.cpp(928,17): warning C4244: 'initializing': conversion from 'int' to 'float', possible loss of data
C:\Users\trand\Documents\GITHUB\Cubemon_SFML\Box2D_SFML1\Box2D_SFML1\GUI.cpp(929,31): warning C4244: 'argument': conversion from 'float' to 'int', possible loss of data
C:\Users\trand\Documents\GITHUB\Cubemon_SFML\Box2D_SFML1\Box2D_SFML1\GUI.cpp(934,33): warning C4244: 'argument': conversion from 'int' to 'float', possible loss of data
C:\Users\trand\Documents\GITHUB\Cubemon_SFML\Box2D_SFML1\Box2D_SFML1\GUI.cpp(965,17): warning C4244: 'initializing': conversion from 'int' to 'float', possible loss of data
C:\Users\trand\Documents\GITHUB\Cubemon_SFML\Box2D_SFML1\Box2D_SFML1\GUI.cpp(966,31): warning C4244: 'argument': conversion from 'float' to 'int', possible loss of data
C:\Users\trand\Documents\GITHUB\Cubemon_SFML\Box2D_SFML1\Box2D_SFML1\GUI.cpp(971,33): warning C4244: 'argument': conversion from 'int' to 'float', possible loss of data
C:\Users\trand\Documents\GITHUB\Cubemon_SFML\Box2D_SFML1\Box2D_SFML1\GUI.cpp(982,17): warning C4244: 'initializing': conversion from 'int' to 'float', possible loss of data
C:\Users\trand\Documents\GITHUB\Cubemon_SFML\Box2D_SFML1\Box2D_SFML1\GUI.cpp(983,31): warning C4244: 'argument': conversion from 'float' to 'int', possible loss of data
C:\Users\trand\Documents\GITHUB\Cubemon_SFML\Box2D_SFML1\Box2D_SFML1\GUI.cpp(988,33): warning C4244: 'argument': conversion from 'int' to 'float', possible loss of data
C:\Users\trand\Documents\GITHUB\Cubemon_SFML\Box2D_SFML1\Box2D_SFML1\GUI.cpp(1000,31): warning C4244: 'argument': conversion from 'float' to 'int', possible loss of data
C:\Users\trand\Documents\GITHUB\Cubemon_SFML\Box2D_SFML1\Box2D_SFML1\GUI.cpp(1005,33): warning C4244: 'argument': conversion from 'int' to 'float', possible loss of data
C:\Users\trand\Documents\GITHUB\Cubemon_SFML\Box2D_SFML1\Box2D_SFML1\GUI.cpp(1016,17): warning C4244: 'initializing': conversion from 'int' to 'float', possible loss of data
C:\Users\trand\Documents\GITHUB\Cubemon_SFML\Box2D_SFML1\Box2D_SFML1\GUI.cpp(1017,31): warning C4244: 'argument': conversion from 'float' to 'int', possible loss of data
C:\Users\trand\Documents\GITHUB\Cubemon_SFML\Box2D_SFML1\Box2D_SFML1\GUI.cpp(1022,33): warning C4244: 'argument': conversion from 'int' to 'float', possible loss of data
C:\Users\trand\Documents\GITHUB\Cubemon_SFML\Box2D_SFML1\Box2D_SFML1\GUI.cpp(1032,17): warning C4244: 'initializing': conversion from 'int' to 'float', possible loss of data
C:\Users\trand\Documents\GITHUB\Cubemon_SFML\Box2D_SFML1\Box2D_SFML1\GUI.cpp(1033,31): warning C4244: 'argument': conversion from 'float' to 'int', possible loss of data
C:\Users\trand\Documents\GITHUB\Cubemon_SFML\Box2D_SFML1\Box2D_SFML1\GUI.cpp(1038,33): warning C4244: 'argument': conversion from 'int' to 'float', possible loss of data
C:\Users\trand\Documents\GITHUB\Cubemon_SFML\Box2D_SFML1\Box2D_SFML1\GUI.cpp(1048,17): warning C4244: 'initializing': conversion from 'int' to 'float', possible loss of data
C:\Users\trand\Documents\GITHUB\Cubemon_SFML\Box2D_SFML1\Box2D_SFML1\GUI.cpp(1049,31): warning C4244: 'argument': conversion from 'float' to 'int', possible loss of data
C:\Users\trand\Documents\GITHUB\Cubemon_SFML\Box2D_SFML1\Box2D_SFML1\GUI.cpp(1054,33): warning C4244: 'argument': conversion from 'int' to 'float', possible loss of data
C:\Users\trand\Documents\GITHUB\Cubemon_SFML\Box2D_SFML1\Box2D_SFML1\GUI.cpp(1437,69): warning C4244: 'argument': conversion from 'double' to 'float', possible loss of data
C:\Users\trand\Documents\GITHUB\Cubemon_SFML\Box2D_SFML1\Box2D_SFML1\GUI.cpp(1438,75): warning C4244: 'argument': conversion from 'double' to 'float', possible loss of data
C:\Users\trand\Documents\GITHUB\Cubemon_SFML\Box2D_SFML1\Box2D_SFML1\GUI.cpp(1450,162): warning C4244: 'argument': conversion from 'double' to 'float', possible loss of data
C:\Users\trand\Documents\GITHUB\Cubemon_SFML\Box2D_SFML1\Box2D_SFML1\GUI.cpp(1450,74): warning C4244: 'argument': conversion from 'double' to 'float', possible loss of data
C:\Users\trand\Documents\GITHUB\Cubemon_SFML\Box2D_SFML1\Box2D_SFML1\GUI.cpp(1451,168): warning C4244: 'argument': conversion from 'double' to 'float', possible loss of data
C:\Users\trand\Documents\GITHUB\Cubemon_SFML\Box2D_SFML1\Box2D_SFML1\GUI.cpp(1451,80): warning C4244: 'argument': conversion from 'double' to 'float', possible loss of data
  Generating code
  1 of 1567 functions (<0.1%) were compiled, the rest were copied from previous compilation.
    0 functions were new in current compilation
    5 functions had inline decision re-evaluated but remain unchanged
  Finished generating code
  Box2D_SFML1.vcxproj -> C:\Users\trand\Documents\GITHUB\Cubemon_SFML\Box2D_SFML1\x64\Release\Box2D_SFML1.exe
