c:\users\trand\documents\github\cubemon_sfml\box2d_sfml1\box2d_sfml1\x64\release\vc142.pdb
c:\users\trand\documents\github\cubemon_sfml\box2d_sfml1\box2d_sfml1\x64\release\particlesystem.obj
c:\users\trand\documents\github\cubemon_sfml\box2d_sfml1\box2d_sfml1\x64\release\navigation.obj
c:\users\trand\documents\github\cubemon_sfml\box2d_sfml1\box2d_sfml1\x64\release\iscene.obj
c:\users\trand\documents\github\cubemon_sfml\box2d_sfml1\box2d_sfml1\x64\release\cpotion.obj
c:\users\trand\documents\github\cubemon_sfml\box2d_sfml1\box2d_sfml1\x64\release\iitem.obj
c:\users\trand\documents\github\cubemon_sfml\box2d_sfml1\box2d_sfml1\x64\release\icubemon.obj
c:\users\trand\documents\github\cubemon_sfml\box2d_sfml1\box2d_sfml1\x64\release\cscenemanager.obj
c:\users\trand\documents\github\cubemon_sfml\box2d_sfml1\box2d_sfml1\x64\release\cgamescene.obj
c:\users\trand\documents\github\cubemon_sfml\box2d_sfml1\box2d_sfml1\x64\release\cmainmenu.obj
c:\users\trand\documents\github\cubemon_sfml\box2d_sfml1\box2d_sfml1\x64\release\cinputfield.obj
c:\users\trand\documents\github\cubemon_sfml\box2d_sfml1\box2d_sfml1\x64\release\ientity.obj
c:\users\trand\documents\github\cubemon_sfml\box2d_sfml1\box2d_sfml1\x64\release\cthallic.obj
c:\users\trand\documents\github\cubemon_sfml\box2d_sfml1\box2d_sfml1\x64\release\cmainmenuscene.obj
c:\users\trand\documents\github\cubemon_sfml\box2d_sfml1\box2d_sfml1\x64\release\ckindling.obj
c:\users\trand\documents\github\cubemon_sfml\box2d_sfml1\box2d_sfml1\x64\release\cdebugwindow.obj
c:\users\trand\documents\github\cubemon_sfml\box2d_sfml1\box2d_sfml1\x64\release\ccontactlistener.obj
c:\users\trand\documents\github\cubemon_sfml\box2d_sfml1\box2d_sfml1\x64\release\cbuttons.obj
c:\users\trand\documents\github\cubemon_sfml\box2d_sfml1\box2d_sfml1\x64\release\cbrutus.obj
c:\users\trand\documents\github\cubemon_sfml\box2d_sfml1\box2d_sfml1\x64\release\cbattlescene.obj
c:\users\trand\documents\github\cubemon_sfml\box2d_sfml1\box2d_sfml1\x64\release\audiomanager.obj
c:\users\trand\documents\github\cubemon_sfml\box2d_sfml1\box2d_sfml1\x64\release\worldmanager.obj
c:\users\trand\documents\github\cubemon_sfml\box2d_sfml1\box2d_sfml1\x64\release\tile.obj
c:\users\trand\documents\github\cubemon_sfml\box2d_sfml1\box2d_sfml1\x64\release\texturemaster.obj
c:\users\trand\documents\github\cubemon_sfml\box2d_sfml1\box2d_sfml1\x64\release\player.obj
c:\users\trand\documents\github\cubemon_sfml\box2d_sfml1\box2d_sfml1\x64\release\main.obj
c:\users\trand\documents\github\cubemon_sfml\box2d_sfml1\box2d_sfml1\x64\release\gui.obj
c:\users\trand\documents\github\cubemon_sfml\box2d_sfml1\box2d_sfml1\x64\release\cwirlson.obj
c:\users\trand\documents\github\cubemon_sfml\box2d_sfml1\box2d_sfml1\x64\release\cdustdevil.obj
c:\users\trand\documents\github\cubemon_sfml\box2d_sfml1\box2d_sfml1\x64\release\cblizzardbird.obj
c:\users\trand\documents\github\cubemon_sfml\box2d_sfml1\x64\release\box2d_sfml1.exe
c:\users\trand\documents\github\cubemon_sfml\box2d_sfml1\box2d_sfml1\x64\release\box2d_sfml1.ipdb
c:\users\trand\documents\github\cubemon_sfml\box2d_sfml1\box2d_sfml1\x64\release\box2d_sfml1.iobj
c:\users\trand\documents\github\cubemon_sfml\box2d_sfml1\x64\release\box2d_sfml1.pdb
c:\users\trand\documents\github\cubemon_sfml\box2d_sfml1\box2d_sfml1\x64\release\box2d_sfml1.tlog\cl.command.1.tlog
c:\users\trand\documents\github\cubemon_sfml\box2d_sfml1\box2d_sfml1\x64\release\box2d_sfml1.tlog\cl.read.1.tlog
c:\users\trand\documents\github\cubemon_sfml\box2d_sfml1\box2d_sfml1\x64\release\box2d_sfml1.tlog\cl.write.1.tlog
c:\users\trand\documents\github\cubemon_sfml\box2d_sfml1\box2d_sfml1\x64\release\box2d_sfml1.tlog\link.command.1.tlog
c:\users\trand\documents\github\cubemon_sfml\box2d_sfml1\box2d_sfml1\x64\release\box2d_sfml1.tlog\link.read.1.tlog
c:\users\trand\documents\github\cubemon_sfml\box2d_sfml1\box2d_sfml1\x64\release\box2d_sfml1.tlog\link.write.1.tlog
