c:\users\trand\documents\github\cubemon_sfml\box2d_sfml1\box2d_sfml1\x64\debug\vc142.pdb
c:\users\trand\documents\github\cubemon_sfml\box2d_sfml1\box2d_sfml1\x64\debug\vc142.idb
c:\users\trand\documents\github\cubemon_sfml\box2d_sfml1\box2d_sfml1\x64\debug\main.obj
c:\users\trand\documents\github\cubemon_sfml\box2d_sfml1\box2d_sfml1\x64\debug\gui.obj
c:\users\trand\documents\github\cubemon_sfml\box2d_sfml1\box2d_sfml1\x64\debug\particlesystem.obj
c:\users\trand\documents\github\cubemon_sfml\box2d_sfml1\box2d_sfml1\x64\debug\iscene.obj
c:\users\trand\documents\github\cubemon_sfml\box2d_sfml1\box2d_sfml1\x64\debug\cpotion.obj
c:\users\trand\documents\github\cubemon_sfml\box2d_sfml1\box2d_sfml1\x64\debug\iitem.obj
c:\users\trand\documents\github\cubemon_sfml\box2d_sfml1\box2d_sfml1\x64\debug\icubemon.obj
c:\users\trand\documents\github\cubemon_sfml\box2d_sfml1\box2d_sfml1\x64\debug\cscenemanager.obj
c:\users\trand\documents\github\cubemon_sfml\box2d_sfml1\box2d_sfml1\x64\debug\cgamescene.obj
c:\users\trand\documents\github\cubemon_sfml\box2d_sfml1\box2d_sfml1\x64\debug\cmainmenu.obj
c:\users\trand\documents\github\cubemon_sfml\box2d_sfml1\box2d_sfml1\x64\debug\cinputfield.obj
c:\users\trand\documents\github\cubemon_sfml\box2d_sfml1\box2d_sfml1\x64\debug\ientity.obj
c:\users\trand\documents\github\cubemon_sfml\box2d_sfml1\box2d_sfml1\x64\debug\cthallic.obj
c:\users\trand\documents\github\cubemon_sfml\box2d_sfml1\box2d_sfml1\x64\debug\cmainmenuscene.obj
c:\users\trand\documents\github\cubemon_sfml\box2d_sfml1\box2d_sfml1\x64\debug\ckindling.obj
c:\users\trand\documents\github\cubemon_sfml\box2d_sfml1\box2d_sfml1\x64\debug\ccontactlistener.obj
c:\users\trand\documents\github\cubemon_sfml\box2d_sfml1\box2d_sfml1\x64\debug\cbuttons.obj
c:\users\trand\documents\github\cubemon_sfml\box2d_sfml1\box2d_sfml1\x64\debug\cbrutus.obj
c:\users\trand\documents\github\cubemon_sfml\box2d_sfml1\box2d_sfml1\x64\debug\cbattlescene.obj
c:\users\trand\documents\github\cubemon_sfml\box2d_sfml1\box2d_sfml1\x64\debug\audiomanager.obj
c:\users\trand\documents\github\cubemon_sfml\box2d_sfml1\box2d_sfml1\x64\debug\worldmanager.obj
c:\users\trand\documents\github\cubemon_sfml\box2d_sfml1\box2d_sfml1\x64\debug\tile.obj
c:\users\trand\documents\github\cubemon_sfml\box2d_sfml1\box2d_sfml1\x64\debug\texturemaster.obj
c:\users\trand\documents\github\cubemon_sfml\box2d_sfml1\box2d_sfml1\x64\debug\player.obj
c:\users\trand\documents\github\cubemon_sfml\box2d_sfml1\box2d_sfml1\x64\debug\navigation.obj
c:\users\trand\documents\github\cubemon_sfml\box2d_sfml1\box2d_sfml1\x64\debug\cdebugwindow.obj
c:\users\trand\documents\github\cubemon_sfml\box2d_sfml1\x64\debug\box2d_sfml1.exe
c:\users\trand\documents\github\cubemon_sfml\box2d_sfml1\x64\debug\box2d_sfml1.ilk
c:\users\trand\documents\github\cubemon_sfml\box2d_sfml1\x64\debug\box2d_sfml1.pdb
c:\users\trand\documents\github\cubemon_sfml\box2d_sfml1\box2d_sfml1\x64\debug\box2d_sfml1.tlog\cl.command.1.tlog
c:\users\trand\documents\github\cubemon_sfml\box2d_sfml1\box2d_sfml1\x64\debug\box2d_sfml1.tlog\cl.read.1.tlog
c:\users\trand\documents\github\cubemon_sfml\box2d_sfml1\box2d_sfml1\x64\debug\box2d_sfml1.tlog\cl.write.1.tlog
c:\users\trand\documents\github\cubemon_sfml\box2d_sfml1\box2d_sfml1\x64\debug\box2d_sfml1.tlog\link.command.1.tlog
c:\users\trand\documents\github\cubemon_sfml\box2d_sfml1\box2d_sfml1\x64\debug\box2d_sfml1.tlog\link.read.1.tlog
c:\users\trand\documents\github\cubemon_sfml\box2d_sfml1\box2d_sfml1\x64\debug\box2d_sfml1.tlog\link.write.1.tlog
